<?xml version="1.0" encoding="UTF-8"?>
<!-- Generated by org.testng.reporters.JUnitReportReporter -->
<testsuite hostname="DESKTOP-3K81DQI" failures="0" tests="1" name="FirstQydMavenPr.Qyd.homeTest" time="8.803" errors="0" timestamp="2022-06-30T13:55:45 EET" skipped="0">
  <testcase classname="FirstQydMavenPr.Qyd.homeTest" name="Navigation" time="8.803"/>
  <system-out/>
</testsuite> <!-- FirstQydMavenPr.Qyd.homeTest -->
