<?xml version="1.0" encoding="UTF-8"?>
<!-- Generated by org.testng.reporters.JUnitReportReporter -->
<testsuite hostname="DESKTOP-3K81DQI" failures="0" tests="1" name="FirstQydMavenPr.Qyd.loginTest" time="16.030" errors="0" timestamp="2022-07-04T14:57:06 EET" skipped="0">
  <testcase classname="FirstQydMavenPr.Qyd.loginTest" name="UserLogin" time="16.030"/>
  <system-out/>
</testsuite> <!-- FirstQydMavenPr.Qyd.loginTest -->
