<?xml version="1.0" encoding="UTF-8"?>
<!-- Generated by org.testng.reporters.JUnitReportReporter -->
<testsuite hostname="DESKTOP-3K81DQI" failures="0" tests="1" name="FirstQydMavenPr.Qyd.billCreationTest" time="20.094" errors="0" timestamp="2022-07-05T16:28:16 EET" skipped="0">
  <testcase classname="FirstQydMavenPr.Qyd.billCreationTest" name="Billcreation" time="20.094"/>
  <system-out/>
</testsuite> <!-- FirstQydMavenPr.Qyd.billCreationTest -->
