<?xml version="1.0" encoding="UTF-8"?>
<!-- Generated by org.testng.reporters.JUnitReportReporter -->
<testsuite hostname="DESKTOP-3K81DQI" failures="0" tests="1" name="FirstQydMavenPr.Qyd.date" time="0.042" errors="0" timestamp="2022-07-05T13:07:43 EET" skipped="0">
  <testcase classname="FirstQydMavenPr.Qyd.date" name="Getdate" time="0.042"/>
  <system-out/>
</testsuite> <!-- FirstQydMavenPr.Qyd.date -->
