<?xml version="1.0" encoding="UTF-8"?>
<!-- Generated by org.testng.reporters.JUnitReportReporter -->
<testsuite hostname="DESKTOP-3K81DQI" failures="0" tests="1" name="FirstQydMavenPr.Qyd.vendorTest" time="23.462" errors="0" timestamp="2022-07-04T15:05:19 EET" skipped="0">
  <testcase classname="FirstQydMavenPr.Qyd.vendorTest" name="VendorCreation" time="23.462"/>
  <system-out/>
</testsuite> <!-- FirstQydMavenPr.Qyd.vendorTest -->
