<?xml version="1.0" encoding="UTF-8"?>
<!-- Generated by org.testng.reporters.JUnitReportReporter -->
<testsuite hostname="DESKTOP-3K81DQI" failures="0" tests="1" name="tests.vendorTest" time="20.177" errors="0" timestamp="2022-07-19T13:35:38 EET" skipped="0">
  <testcase classname="tests.vendorTest" name="VendorCreation" time="20.177"/>
  <system-out/>
</testsuite> <!-- tests.vendorTest -->
