<?xml version="1.0" encoding="UTF-8"?>
<!-- Generated by org.testng.reporters.JUnitReportReporter -->
<testsuite hostname="DESKTOP-3K81DQI" failures="0" tests="1" name="FirstQydMavenPr.Qyd.NewTestNg" time="20.951" errors="0" timestamp="2022-06-29T14:39:11 EET" skipped="0">
  <testcase classname="FirstQydMavenPr.Qyd.NewTestNg" name="navigatetoQYD" time="20.951"/>
  <system-out/>
</testsuite> <!-- FirstQydMavenPr.Qyd.NewTestNg -->
