<?xml version="1.0" encoding="UTF-8"?>
<!-- Generated by org.testng.reporters.JUnitReportReporter -->
<testsuite hostname="DESKTOP-3K81DQI" failures="0" tests="1" name="RestQydApiTest.GetVendor" time="0.649" errors="0" timestamp="2022-12-20T17:22:57 EET" skipped="0">
  <testcase classname="RestQydApiTest.GetVendor" name="getVendorTest" time="0.649"/>
  <system-out/>
</testsuite> <!-- RestQydApiTest.GetVendor -->
