<?xml version="1.0" encoding="UTF-8"?>
<!-- Generated by org.testng.reporters.JUnitReportReporter -->
<testsuite hostname="DESKTOP-3K81DQI" failures="0" tests="1" name="testPost" time="1.456" errors="0" timestamp="2022-12-12T19:52:27 EET" skipped="0">
  <testcase classname="testPost" name="posttest" time="1.456"/>
  <system-out/>
</testsuite> <!-- testPost -->
