<?xml version="1.0" encoding="UTF-8"?>
<!-- Generated by org.testng.reporters.JUnitReportReporter -->
<testsuite hostname="DESKTOP-3K81DQI" failures="0" tests="1" name="Customers.GetCustomer" time="1.094" errors="0" timestamp="2022-12-15T01:12:45 EET" skipped="0">
  <testcase classname="Customers.GetCustomer" name="getcustomertest" time="1.094"/>
  <system-out/>
</testsuite> <!-- Customers.GetCustomer -->
