<?xml version="1.0" encoding="UTF-8"?>
<!-- Generated by org.testng.reporters.JUnitReportReporter -->
<testsuite hostname="DESKTOP-3K81DQI" failures="0" tests="1" name="RestQydApiTest.CreateBill" time="2.535" errors="0" timestamp="2023-01-10T00:39:57 EET" skipped="0">
  <testcase classname="RestQydApiTest.CreateBill" name="CreateBillTest" time="2.535"/>
  <system-out/>
</testsuite> <!-- RestQydApiTest.CreateBill -->
