<?xml version="1.0" encoding="UTF-8"?>
<!-- Generated by org.testng.reporters.JUnitReportReporter -->
<testsuite hostname="DESKTOP-3K81DQI" failures="0" tests="1" name="Post_test" time="0.010" errors="0" timestamp="2022-12-12T13:45:23 EET" skipped="0">
  <testcase classname="Post_test" name="posttest" time="0.010"/>
  <system-out/>
</testsuite> <!-- Post_test -->
