<?xml version="1.0" encoding="UTF-8"?>
<!-- Generated by org.testng.reporters.JUnitReportReporter -->
<testsuite hostname="DESKTOP-3K81DQI" failures="0" tests="1" name="RestQydApiTest.CreateCust" time="2.696" errors="0" timestamp="2022-12-28T02:47:02 EET" skipped="0">
  <testcase classname="RestQydApiTest.CreateCust" name="addcusttest" time="2.696"/>
  <system-out/>
</testsuite> <!-- RestQydApiTest.CreateCust -->
