<?xml version="1.0" encoding="UTF-8"?>
<!-- Generated by org.testng.reporters.JUnitReportReporter -->
<testsuite hostname="DESKTOP-3K81DQI" failures="0" tests="1" name="RestQydApiTest.GetInventory" time="0.519" errors="0" timestamp="2022-12-28T01:14:19 EET" skipped="0">
  <testcase classname="RestQydApiTest.GetInventory" name="getinventoryTest" time="0.519"/>
  <system-out/>
</testsuite> <!-- RestQydApiTest.GetInventory -->
