<?xml version="1.0" encoding="UTF-8"?>
<!-- Generated by org.testng.reporters.JUnitReportReporter -->
<testsuite hostname="DESKTOP-3K81DQI" failures="0" tests="1" name="Put_Demo" time="1.899" errors="0" timestamp="2022-12-12T13:56:28 EET" skipped="0">
  <testcase classname="Put_Demo" name="putdemo" time="1.899"/>
  <system-out/>
</testsuite> <!-- Put_Demo -->
