<?xml version="1.0" encoding="UTF-8"?>
<!-- Generated by org.testng.reporters.JUnitReportReporter -->
<testsuite hostname="DESKTOP-3K81DQI" failures="0" tests="1" name="Customers.Customerbase" time="3.317" errors="0" timestamp="2022-12-15T01:26:38 EET" skipped="0">
  <testcase classname="Customers.Customerbase" name="getcust" time="3.317"/>
  <system-out/>
</testsuite> <!-- Customers.Customerbase -->
