<?xml version="1.0" encoding="UTF-8"?>
<!-- Generated by org.testng.reporters.JUnitReportReporter -->
<testsuite hostname="DESKTOP-3K81DQI" failures="0" tests="5" name="RestQydApiTest.GetVendor" time="3.860" errors="0" timestamp="2022-12-22T15:32:39 EET" skipped="0">
  <testcase classname="RestQydApiTest.GetVendor" name="getcust" time="1.034"/>
  <system-out/>
  <testcase classname="RestQydApiTest.GetVendor" name="addcust" time="0.461"/>
  <system-out/>
  <testcase classname="RestQydApiTest.GetVendor" name="getVendorTest" time="0.449"/>
  <system-out/>
  <testcase classname="RestQydApiTest.GetVendor" name="CreateVendorTest" time="0.484"/>
  <system-out/>
  <testcase classname="RestQydApiTest.GetVendor" name="getcustomertest" time="1.432"/>
  <system-out/>
</testsuite> <!-- RestQydApiTest.GetVendor -->
