<?xml version="1.0" encoding="UTF-8"?>
<!-- Generated by org.testng.reporters.JUnitReportReporter -->
<testsuite hostname="DESKTOP-3K81DQI" failures="0" tests="1" name="RestQydApiTest.Getunit" time="0.601" errors="0" timestamp="2022-12-18T23:09:23 EET" skipped="0">
  <testcase classname="RestQydApiTest.Getunit" name="GetUnitTest" time="0.601"/>
  <system-out/>
</testsuite> <!-- RestQydApiTest.Getunit -->
