<?xml version="1.0" encoding="UTF-8"?>
<!-- Generated by org.testng.reporters.JUnitReportReporter -->
<testsuite hostname="DESKTOP-3K81DQI" failures="0" tests="1" name="RestQydApiTest.DeleteBill" time="0.603" errors="0" timestamp="2023-01-10T00:39:57 EET" skipped="0">
  <testcase classname="RestQydApiTest.DeleteBill" name="DeletebillTest" time="0.603"/>
  <system-out/>
</testsuite> <!-- RestQydApiTest.DeleteBill -->
