<?xml version="1.0" encoding="UTF-8"?>
<!-- Generated by org.testng.reporters.JUnitReportReporter -->
<testsuite hostname="DESKTOP-3K81DQI" failures="0" tests="1" name="RestQydApiTest.CreateBill" time="2.828" errors="0" timestamp="2023-01-07T14:29:35 EET" skipped="0">
  <testcase classname="RestQydApiTest.CreateBill" name="CreateBillTest" time="2.828"/>
  <system-out/>
</testsuite> <!-- RestQydApiTest.CreateBill -->
