<?xml version="1.0" encoding="UTF-8"?>
<!-- Generated by org.testng.reporters.JUnitReportReporter -->
<testsuite hostname="DESKTOP-3K81DQI" failures="0" tests="1" name="getTest" time="1.844" errors="0" timestamp="2022-12-06T14:26:24 EET" skipped="0">
  <testcase classname="getTest" name="get" time="1.844"/>
  <system-out/>
</testsuite> <!-- getTest -->
