<?xml version="1.0" encoding="UTF-8"?>
<!-- Generated by org.testng.reporters.JUnitReportReporter -->
<testsuite hostname="DESKTOP-3K81DQI" failures="0" tests="1" name="RestQydApiTest.Customerbase" time="7.131" errors="0" timestamp="2022-12-21T02:13:24 EET" skipped="0">
  <testcase classname="RestQydApiTest.Customerbase" name="addcust" time="7.131"/>
  <system-out/>
</testsuite> <!-- RestQydApiTest.Customerbase -->
