<?xml version="1.0" encoding="UTF-8"?>
<!-- Generated by org.testng.reporters.JUnitReportReporter -->
<testsuite hostname="DESKTOP-3K81DQI" failures="0" tests="1" name="RestQydApiTest.UpdateProduct" time="0.823" errors="0" timestamp="2022-12-18T23:36:55 EET" skipped="0">
  <testcase classname="RestQydApiTest.UpdateProduct" name="updatefield" time="0.823"/>
  <system-out/>
</testsuite> <!-- RestQydApiTest.UpdateProduct -->
