<?xml version="1.0" encoding="UTF-8"?>
<!-- Generated by org.testng.reporters.JUnitReportReporter -->
<testsuite hostname="DESKTOP-3K81DQI" failures="0" tests="1" name="Customers.CreateQydCust" time="2.374" errors="0" timestamp="2022-12-14T23:20:40 EET" skipped="0">
  <testcase classname="Customers.CreateQydCust" name="addcust" time="2.374"/>
  <system-out/>
</testsuite> <!-- Customers.CreateQydCust -->
