<?xml version="1.0" encoding="UTF-8"?>
<!-- Generated by org.testng.reporters.JUnitReportReporter -->
<testsuite hostname="DESKTOP-3K81DQI" failures="0" tests="1" name="Product.Getproduct" time="2.366" errors="0" timestamp="2022-12-14T17:06:00 EET" skipped="0">
  <testcase classname="Product.Getproduct" name="getsingleproduct" time="2.366"/>
  <system-out/>
</testsuite> <!-- Product.Getproduct -->
