<?xml version="1.0" encoding="UTF-8"?>
<!-- Generated by org.testng.reporters.JUnitReportReporter -->
<testsuite hostname="DESKTOP-3K81DQI" failures="0" tests="1" name="RestQydApiTest.CreatePurchaseOrder" time="1.077" errors="0" timestamp="2023-01-03T16:12:27 EET" skipped="0">
  <testcase classname="RestQydApiTest.CreatePurchaseOrder" name="CreatePurchaseOrderTest" time="1.077"/>
  <system-out/>
</testsuite> <!-- RestQydApiTest.CreatePurchaseOrder -->
