<?xml version="1.0" encoding="UTF-8"?>
<!-- Generated by org.testng.reporters.JUnitReportReporter -->
<testsuite hostname="DESKTOP-3K81DQI" failures="0" tests="1" name="RestQydApiTest.GetCustomer" time="1.480" errors="0" timestamp="2023-01-03T16:12:27 EET" skipped="0">
  <testcase classname="RestQydApiTest.GetCustomer" name="getcustomertest" time="1.480"/>
  <system-out/>
</testsuite> <!-- RestQydApiTest.GetCustomer -->
