<?xml version="1.0" encoding="UTF-8"?>
<!-- Generated by org.testng.reporters.JUnitReportReporter -->
<testsuite hostname="DESKTOP-3K81DQI" failures="0" tests="1" name="RestQydApiTest.CreateProduct" time="2.225" errors="0" timestamp="2022-12-18T23:36:55 EET" skipped="0">
  <testcase classname="RestQydApiTest.CreateProduct" name="createproducttest" time="2.225"/>
  <system-out/>
</testsuite> <!-- RestQydApiTest.CreateProduct -->
